
**** Build of configuration Debug for project cs_clock_source_init_MSP_EXP432P401R_nortos_ccs ****

"C:\\ti\\ccsv8\\utils\\bin\\gmake" -k -j 4 all -O 
 
Building file: "../ccs/startup_msp432p401r_ccs.c"
Invoking: ARM Compiler
"C:/ti/ccsv8/tools/compiler/ti-cgt-arm_18.1.4.LTS/bin/armcl" -mv7M4 --code_state=16 --float_support=FPv4SPD16 -me --include_path="C:/MSP432/cs_clock_source_init_MSP_EXP432P401R_nortos_ccs" --include_path="C:/ti/simplelink_msp432p4_sdk_2_30_00_14/source" --include_path="C:/ti/simplelink_msp432p4_sdk_2_30_00_14/source/third_party/CMSIS/Include" --include_path="C:/ti/ccsv8/tools/compiler/ti-cgt-arm_18.1.4.LTS/include" --advice:power=none --define=__MSP432P401R__ --define=DeviceFamily_MSP432P401x -g --diag_warning=225 --diag_warning=255 --diag_wrap=off --display_error_number --gen_func_subsections=on --preproc_with_compile --preproc_dependency="ccs/startup_msp432p401r_ccs.d_raw" --obj_directory="ccs"  "../ccs/startup_msp432p401r_ccs.c"
Finished building: "../ccs/startup_msp432p401r_ccs.c"
 
Building file: "../cs_clock_source_init.c"
Invoking: ARM Compiler
"C:/ti/ccsv8/tools/compiler/ti-cgt-arm_18.1.4.LTS/bin/armcl" -mv7M4 --code_state=16 --float_support=FPv4SPD16 -me --include_path="C:/MSP432/cs_clock_source_init_MSP_EXP432P401R_nortos_ccs" --include_path="C:/ti/simplelink_msp432p4_sdk_2_30_00_14/source" --include_path="C:/ti/simplelink_msp432p4_sdk_2_30_00_14/source/third_party/CMSIS/Include" --include_path="C:/ti/ccsv8/tools/compiler/ti-cgt-arm_18.1.4.LTS/include" --advice:power=none --define=__MSP432P401R__ --define=DeviceFamily_MSP432P401x -g --diag_warning=225 --diag_warning=255 --diag_wrap=off --display_error_number --gen_func_subsections=on --preproc_with_compile --preproc_dependency="cs_clock_source_init.d_raw"  "../cs_clock_source_init.c"
Finished building: "../cs_clock_source_init.c"
 
Building file: "../system_msp432p401r.c"
Invoking: ARM Compiler
"C:/ti/ccsv8/tools/compiler/ti-cgt-arm_18.1.4.LTS/bin/armcl" -mv7M4 --code_state=16 --float_support=FPv4SPD16 -me --include_path="C:/MSP432/cs_clock_source_init_MSP_EXP432P401R_nortos_ccs" --include_path="C:/ti/simplelink_msp432p4_sdk_2_30_00_14/source" --include_path="C:/ti/simplelink_msp432p4_sdk_2_30_00_14/source/third_party/CMSIS/Include" --include_path="C:/ti/ccsv8/tools/compiler/ti-cgt-arm_18.1.4.LTS/include" --advice:power=none --define=__MSP432P401R__ --define=DeviceFamily_MSP432P401x -g --diag_warning=225 --diag_warning=255 --diag_wrap=off --display_error_number --gen_func_subsections=on --preproc_with_compile --preproc_dependency="system_msp432p401r.d_raw"  "../system_msp432p401r.c"
Finished building: "../system_msp432p401r.c"
 
Building target: "cs_clock_source_init_MSP_EXP432P401R_nortos_ccs.out"
Invoking: ARM Linker
"C:/ti/ccsv8/tools/compiler/ti-cgt-arm_18.1.4.LTS/bin/armcl" -mv7M4 --code_state=16 --float_support=FPv4SPD16 -me --advice:power=none --define=__MSP432P401R__ --define=DeviceFamily_MSP432P401x -g --diag_warning=225 --diag_warning=255 --diag_wrap=off --display_error_number --gen_func_subsections=on -z -m"cs_clock_source_init_MSP_EXP432P401R_nortos_ccs.map" --stack_size=512 -i"C:/ti/simplelink_msp432p4_sdk_2_30_00_14/source" -i"C:/ti/ccsv8/tools/compiler/ti-cgt-arm_18.1.4.LTS/lib" --diag_wrap=off --display_error_number --warn_sections --xml_link_info="cs_clock_source_init_MSP_EXP432P401R_nortos_ccs_linkInfo.xml" --rom_model -o "cs_clock_source_init_MSP_EXP432P401R_nortos_ccs.out" "./cs_clock_source_init.obj" "./system_msp432p401r.obj" "./ccs/startup_msp432p401r_ccs.obj" "../msp432p401r.cmd"  -l"ti/display/lib/display.aem4f" -l"ti/grlib/lib/ccs/m4f/grlib.a" -l"third_party/spiffs/lib/ccs/m4f/spiffs.a" -l"ti/drivers/lib/drivers_msp432p401x.aem4f" -l"third_party/fatfs/lib/ccs/m4f/fatfs.a" -l"ti/devices/msp432p4xx/driverlib/ccs/msp432p4xx_driverlib.lib" -llibc.a 
<Linking>
Finished building target: "cs_clock_source_init_MSP_EXP432P401R_nortos_ccs.out"
 

**** Build Finished ****
